<?xml version="1.0" encoding="UTF-8"?>
<testng-results ignored="1" total="4" passed="3" failed="0" skipped="0">
  <reporter-output>
  </reporter-output>
  <suite started-at="2022-02-04T02:27:06Z" name="BatchSuite" finished-at="2022-02-04T02:27:31Z" duration-ms="25349">
    <groups>
    </groups>
    <test started-at="2022-02-04T02:27:06Z" name="BatchTest" finished-at="2022-02-04T02:27:31Z" duration-ms="25349">
      <class name="pack1.TNG_002">
        <test-method is-config="true" signature="beforeSuite()[pri:0, instance:pack1.TNG_002@28975c28]" started-at="2022-02-04T02:27:06Z" name="beforeSuite" finished-at="2022-02-04T02:27:06Z" duration-ms="30" status="PASS">
          <reporter-output>
          </reporter-output>
        </test-method> <!-- beforeSuite -->
        <test-method is-config="true" signature="beforeTest()[pri:0, instance:pack1.TNG_002@28975c28]" started-at="2022-02-04T02:27:06Z" name="beforeTest" finished-at="2022-02-04T02:27:06Z" duration-ms="1" status="PASS">
          <reporter-output>
          </reporter-output>
        </test-method> <!-- beforeTest -->
        <test-method is-config="true" signature="beforeClass()[pri:0, instance:pack1.TNG_002@28975c28]" started-at="2022-02-04T02:27:31Z" name="beforeClass" finished-at="2022-02-04T02:27:31Z" duration-ms="1" status="PASS">
          <reporter-output>
          </reporter-output>
        </test-method> <!-- beforeClass -->
        <test-method is-config="true" signature="beforeMethod()[pri:0, instance:pack1.TNG_002@28975c28]" started-at="2022-02-04T02:27:31Z" name="beforeMethod" finished-at="2022-02-04T02:27:31Z" duration-ms="1" status="PASS">
          <reporter-output>
          </reporter-output>
        </test-method> <!-- beforeMethod -->
        <test-method signature="f()[pri:1, instance:pack1.TNG_002@28975c28]" started-at="2022-02-04T02:27:31Z" name="f" finished-at="2022-02-04T02:27:31Z" duration-ms="3" status="PASS">
          <reporter-output>
          </reporter-output>
        </test-method> <!-- f -->
        <test-method is-config="true" signature="afterMethod()[pri:0, instance:pack1.TNG_002@28975c28]" started-at="2022-02-04T02:27:31Z" name="afterMethod" finished-at="2022-02-04T02:27:31Z" duration-ms="3" status="PASS">
          <reporter-output>
          </reporter-output>
        </test-method> <!-- afterMethod -->
        <test-method is-config="true" signature="beforeMethod()[pri:0, instance:pack1.TNG_002@28975c28]" started-at="2022-02-04T02:27:31Z" name="beforeMethod" finished-at="2022-02-04T02:27:31Z" duration-ms="1" status="PASS">
          <reporter-output>
          </reporter-output>
        </test-method> <!-- beforeMethod -->
        <test-method signature="a()[pri:3, instance:pack1.TNG_002@28975c28]" started-at="2022-02-04T02:27:31Z" name="a" finished-at="2022-02-04T02:27:31Z" duration-ms="3" status="PASS">
          <reporter-output>
          </reporter-output>
        </test-method> <!-- a -->
        <test-method is-config="true" signature="afterMethod()[pri:0, instance:pack1.TNG_002@28975c28]" started-at="2022-02-04T02:27:31Z" name="afterMethod" finished-at="2022-02-04T02:27:31Z" duration-ms="0" status="PASS">
          <reporter-output>
          </reporter-output>
        </test-method> <!-- afterMethod -->
        <test-method is-config="true" signature="afterClass()[pri:0, instance:pack1.TNG_002@28975c28]" started-at="2022-02-04T02:27:31Z" name="afterClass" finished-at="2022-02-04T02:27:31Z" duration-ms="1" status="PASS">
          <reporter-output>
          </reporter-output>
        </test-method> <!-- afterClass -->
        <test-method is-config="true" signature="afterTest()[pri:0, instance:pack1.TNG_002@28975c28]" started-at="2022-02-04T02:27:31Z" name="afterTest" finished-at="2022-02-04T02:27:31Z" duration-ms="0" status="PASS">
          <reporter-output>
          </reporter-output>
        </test-method> <!-- afterTest -->
        <test-method is-config="true" signature="afterSuite()[pri:0, instance:pack1.TNG_002@28975c28]" started-at="2022-02-04T02:27:32Z" name="afterSuite" finished-at="2022-02-04T02:27:32Z" duration-ms="3" status="PASS">
          <reporter-output>
          </reporter-output>
        </test-method> <!-- afterSuite -->
      </class> <!-- pack1.TNG_002 -->
      <class name="pack1.TNG_001">
        <test-method is-config="true" signature="stratProcess()[pri:0, instance:pack1.TNG_001@3943a2be]" started-at="2022-02-04T02:27:06Z" name="stratProcess" finished-at="2022-02-04T02:27:18Z" duration-ms="12014" status="PASS">
          <reporter-output>
          </reporter-output>
        </test-method> <!-- stratProcess -->
        <test-method signature="amazon()[pri:0, instance:pack1.TNG_001@3943a2be]" started-at="2022-02-04T02:27:18Z" name="amazon" finished-at="2022-02-04T02:27:27Z" duration-ms="8448" status="PASS">
          <reporter-output>
          </reporter-output>
        </test-method> <!-- amazon -->
        <test-method is-config="true" signature="endProcess()[pri:0, instance:pack1.TNG_001@3943a2be]" started-at="2022-02-04T02:27:27Z" name="endProcess" finished-at="2022-02-04T02:27:31Z" duration-ms="4814" status="PASS">
          <reporter-output>
          </reporter-output>
        </test-method> <!-- endProcess -->
      </class> <!-- pack1.TNG_001 -->
    </test> <!-- BatchTest -->
  </suite> <!-- BatchSuite -->
</testng-results>
