<?xml version="1.0" encoding="UTF-8"?>
<testng-results ignored="0" total="1" passed="0" failed="1" skipped="0">
  <reporter-output>
    <line>
      <![CDATA[Test Started Running :amazon]]>
    </line>
    <line>
      <![CDATA[<a href='D:\selenium2021_WD\December2022MavenSelenium//failure//Wed_Feb_09_07_38_31_IST_2022.png'> <img src='D:\selenium2021_WD\December2022MavenSelenium//failure//Wed_Feb_09_07_38_31_IST_2022.png' height='100' width='100'/> </a>]]>
    </line>
    <line>
      <![CDATA[Test has Failed:amazon]]>
    </line>
  </reporter-output>
  <suite started-at="2022-02-09T02:08:31Z" name="Suite" finished-at="2022-02-09T02:09:39Z" duration-ms="67752">
    <groups>
      <group name="regression">
        <method signature="TNG_001.amazon()[pri:0, instance:pack1.TNG_001@41c2284a]" name="amazon" class="pack1.TNG_001"/>
      </group> <!-- regression -->
    </groups>
    <test started-at="2022-02-09T02:08:31Z" name="Test" finished-at="2022-02-09T02:09:39Z" duration-ms="67752">
      <class name="pack1.TNG_001">
        <test-method is-config="true" signature="stratProcess(java.lang.String)[pri:0, instance:pack1.TNG_001@41c2284a]" started-at="2022-02-09T02:08:31Z" name="stratProcess" finished-at="2022-02-09T02:08:43Z" duration-ms="11693" status="PASS">
          <params>
            <param index="0">
              <value>
                <![CDATA[chrome]]>
              </value>
            </param>
          </params>
          <reporter-output>
          </reporter-output>
        </test-method> <!-- stratProcess -->
        <test-method signature="amazon()[pri:0, instance:pack1.TNG_001@41c2284a]" started-at="2022-02-09T02:08:43Z" name="amazon" finished-at="2022-02-09T02:09:35Z" duration-ms="52344" status="FAIL">
          <exception class="org.openqa.selenium.NoSuchElementException">
            <message>
              <![CDATA[no such element: Unable to locate element: {"method":"css selector","selector":"*[name='field-keyword']"}
  (Session info: chrome=97.0.4692.99)
For documentation on this error, please visit: https://www.seleniumhq.org/exceptions/no_such_element.html
Build info: version: '3.141.59', revision: 'e82be7d358', time: '2018-11-14T08:17:03'
System info: host: 'DESKTOP-JCJ8HOK', ip: '192.168.0.187', os.name: 'Windows 10', os.arch: 'amd64', os.version: '10.0', java.version: '15.0.1'
Driver info: org.openqa.selenium.chrome.ChromeDriver
Capabilities {acceptInsecureCerts: false, browserName: chrome, browserVersion: 97.0.4692.99, chrome: {chromedriverVersion: 97.0.4692.71 (adefa7837d02a..., userDataDir: C:\Users\ravi\AppData\Local...}, goog:chromeOptions: {debuggerAddress: localhost:62636}, javascriptEnabled: true, networkConnectionEnabled: false, pageLoadStrategy: normal, platform: WINDOWS, platformName: WINDOWS, proxy: Proxy(), setWindowRect: true, strictFileInteractability: false, timeouts: {implicit: 0, pageLoad: 300000, script: 30000}, unhandledPromptBehavior: dismiss and notify, webauthn:extension:credBlob: true, webauthn:extension:largeBlob: true, webauthn:virtualAuthenticators: true}
Session ID: 49016bdaffa975b921523b6b677ad510
*** Element info: {Using=name, value=field-keyword}]]>
            </message>
            <full-stacktrace>
              <![CDATA[org.openqa.selenium.NoSuchElementException: no such element: Unable to locate element: {"method":"css selector","selector":"*[name='field-keyword']"}
  (Session info: chrome=97.0.4692.99)
For documentation on this error, please visit: https://www.seleniumhq.org/exceptions/no_such_element.html
Build info: version: '3.141.59', revision: 'e82be7d358', time: '2018-11-14T08:17:03'
System info: host: 'DESKTOP-JCJ8HOK', ip: '192.168.0.187', os.name: 'Windows 10', os.arch: 'amd64', os.version: '10.0', java.version: '15.0.1'
Driver info: org.openqa.selenium.chrome.ChromeDriver
Capabilities {acceptInsecureCerts: false, browserName: chrome, browserVersion: 97.0.4692.99, chrome: {chromedriverVersion: 97.0.4692.71 (adefa7837d02a..., userDataDir: C:\Users\ravi\AppData\Local...}, goog:chromeOptions: {debuggerAddress: localhost:62636}, javascriptEnabled: true, networkConnectionEnabled: false, pageLoadStrategy: normal, platform: WINDOWS, platformName: WINDOWS, proxy: Proxy(), setWindowRect: true, strictFileInteractability: false, timeouts: {implicit: 0, pageLoad: 300000, script: 30000}, unhandledPromptBehavior: dismiss and notify, webauthn:extension:credBlob: true, webauthn:extension:largeBlob: true, webauthn:virtualAuthenticators: true}
Session ID: 49016bdaffa975b921523b6b677ad510
*** Element info: {Using=name, value=field-keyword}
at jdk.internal.reflect.GeneratedConstructorAccessor11.newInstance(Unknown Source)
at java.base/jdk.internal.reflect.DelegatingConstructorAccessorImpl.newInstance(DelegatingConstructorAccessorImpl.java:45)
at java.base/java.lang.reflect.Constructor.newInstanceWithCaller(Constructor.java:500)
at java.base/java.lang.reflect.Constructor.newInstance(Constructor.java:481)
at org.openqa.selenium.remote.http.W3CHttpResponseCodec.createException(W3CHttpResponseCodec.java:187)
at org.openqa.selenium.remote.http.W3CHttpResponseCodec.decode(W3CHttpResponseCodec.java:122)
at org.openqa.selenium.remote.http.W3CHttpResponseCodec.decode(W3CHttpResponseCodec.java:49)
at org.openqa.selenium.remote.HttpCommandExecutor.execute(HttpCommandExecutor.java:158)
at org.openqa.selenium.remote.service.DriverCommandExecutor.execute(DriverCommandExecutor.java:83)
at org.openqa.selenium.remote.RemoteWebDriver.execute(RemoteWebDriver.java:552)
at org.openqa.selenium.remote.RemoteWebDriver.findElement(RemoteWebDriver.java:323)
at org.openqa.selenium.remote.RemoteWebDriver.findElementByName(RemoteWebDriver.java:404)
at org.openqa.selenium.By$ByName.findElement(By.java:284)
at org.openqa.selenium.remote.RemoteWebDriver.findElement(RemoteWebDriver.java:315)
at pack1.BaseTest.getElement(BaseTest.java:160)
at pack1.BaseTest.typeText(BaseTest.java:137)
at pack1.TNG_001.amazon(TNG_001.java:37)
at java.base/jdk.internal.reflect.NativeMethodAccessorImpl.invoke0(Native Method)
at java.base/jdk.internal.reflect.NativeMethodAccessorImpl.invoke(NativeMethodAccessorImpl.java:64)
at java.base/jdk.internal.reflect.DelegatingMethodAccessorImpl.invoke(DelegatingMethodAccessorImpl.java:43)
at java.base/java.lang.reflect.Method.invoke(Method.java:564)
at org.testng.internal.MethodInvocationHelper.invokeMethod(MethodInvocationHelper.java:124)
at org.testng.internal.Invoker.invokeMethod(Invoker.java:583)
at org.testng.internal.Invoker.invokeTestMethod(Invoker.java:719)
at org.testng.internal.Invoker.invokeTestMethods(Invoker.java:989)
at org.testng.internal.TestMethodWorker.invokeTestMethods(TestMethodWorker.java:125)
at org.testng.internal.TestMethodWorker.run(TestMethodWorker.java:109)
at org.testng.TestRunner.privateRun(TestRunner.java:648)
at org.testng.TestRunner.run(TestRunner.java:505)
at org.testng.SuiteRunner.runTest(SuiteRunner.java:455)
at org.testng.SuiteRunner.runSequentially(SuiteRunner.java:450)
at org.testng.SuiteRunner.privateRun(SuiteRunner.java:415)
at org.testng.SuiteRunner.run(SuiteRunner.java:364)
at org.testng.SuiteRunnerWorker.runSuite(SuiteRunnerWorker.java:52)
at org.testng.SuiteRunnerWorker.run(SuiteRunnerWorker.java:84)
at org.testng.TestNG.runSuitesSequentially(TestNG.java:1208)
at org.testng.TestNG.runSuitesLocally(TestNG.java:1137)
at org.testng.TestNG.runSuites(TestNG.java:1049)
at org.testng.TestNG.run(TestNG.java:1017)
at org.testng.remote.AbstractRemoteTestNG.run(AbstractRemoteTestNG.java:115)
at org.testng.remote.RemoteTestNG.initAndRun(RemoteTestNG.java:251)
at org.testng.remote.RemoteTestNG.main(RemoteTestNG.java:77)
]]>
            </full-stacktrace>
          </exception> <!-- org.openqa.selenium.NoSuchElementException -->
          <reporter-output>
            <line>
              <![CDATA[Test Started Running :amazon]]>
            </line>
            <line>
              <![CDATA[<a href='D:\selenium2021_WD\December2022MavenSelenium//failure//Wed_Feb_09_07_38_31_IST_2022.png'> <img src='D:\selenium2021_WD\December2022MavenSelenium//failure//Wed_Feb_09_07_38_31_IST_2022.png' height='100' width='100'/> </a>]]>
            </line>
            <line>
              <![CDATA[Test has Failed:amazon]]>
            </line>
          </reporter-output>
        </test-method> <!-- amazon -->
        <test-method is-config="true" signature="endProcess()[pri:0, instance:pack1.TNG_001@41c2284a]" started-at="2022-02-09T02:09:36Z" name="endProcess" finished-at="2022-02-09T02:09:39Z" duration-ms="2799" status="PASS">
          <reporter-output>
          </reporter-output>
        </test-method> <!-- endProcess -->
      </class> <!-- pack1.TNG_001 -->
    </test> <!-- Test -->
  </suite> <!-- Suite -->
</testng-results>
