<?xml version="1.0" encoding="UTF-8"?>
<!-- Generated by org.testng.reporters.JUnitXMLReporter -->
<testsuite ignored="1" hostname="DESKTOP-JCJ8HOK" failures="0" tests="2" name="Default test" time="0.096" errors="0" timestamp="03 Feb 2022 02:24:54 GMT">
  <testcase classname="testng.TNG_001" name="f" time="0.016"/>
  <testcase classname="testng.TNG_001" name="a" time="0.003"/>
  <testcase classname="testng.TNG_001" name="z" time="0.0">
    <ignored/>
  </testcase> <!-- z -->
</testsuite> <!-- Default test -->
