<?xml version="1.0" encoding="UTF-8"?>
<!-- Generated by org.testng.reporters.JUnitXMLReporter -->
<testsuite ignored="1" hostname="DESKTOP-JCJ8HOK" failures="0" tests="7" name="Create booking Test - Apply Discount -- Pay@Hotel" time="0.114" errors="0" timestamp="14 Feb 2022 02:18:27 GMT">
  <testcase classname="testcases.BookingSearch" name="searchHotel" time="0.022"/>
  <testcase classname="testcases.BookingSearch" name="selectHotel" time="0.0"/>
  <testcase classname="testcases.BookingSearch" name="enterGuestInfo" time="0.001"/>
  <testcase classname="testcases.PaymentManager" name="applyDiscount" time="0.001"/>
  <testcase classname="testcases.PaymentManager" name="makePayment" time="0.0"/>
  <testcase classname="testcases.CustomerCommunication" name="checkMail" time="0.0"/>
  <testcase classname="testcases.CustomerCommunication" name="checkMobile" time="0.0"/>
  <testcase classname="testcases.BookingSearch" name="modifyHotel" time="0.0">
    <ignored/>
  </testcase> <!-- modifyHotel -->
</testsuite> <!-- Create booking Test - Apply Discount - Pay@Hotel -->
