<?xml version="1.0" encoding="UTF-8"?>
<!-- Generated by org.testng.reporters.JUnitXMLReporter -->
<testsuite ignored="0" hostname="DESKTOP-JCJ8HOK" failures="0" tests="4" name="ChromeTest" time="76.091" errors="0" timestamp="05 Feb 2022 02:09:32 GMT">
  <testcase classname="pack1.CheckBox1" name="checkboxTest" time="3.537"/>
  <testcase classname="pack1.TNG_001" name="amazon" time="8.591"/>
  <testcase classname="pack1.RadioButton1" name="radioButtonTest" time="0.967"/>
  <testcase classname="pack1.LinksTesting1" name="linktesting1" time="1.498"/>
</testsuite> <!-- ChromeTest -->
