<?xml version="1.0" encoding="UTF-8"?>
<!-- Generated by org.testng.reporters.JUnitXMLReporter -->
<testsuite ignored="0" hostname="DESKTOP-JCJ8HOK" failures="0" tests="4" name="FirefoxTest" time="416.586" errors="0" timestamp="05 Feb 2022 02:16:28 GMT">
  <testcase classname="pack1.CheckBox1" name="checkboxTest" time="0.445"/>
  <testcase classname="pack1.TNG_001" name="amazon" time="8.579"/>
  <testcase classname="pack1.RadioButton1" name="radioButtonTest" time="0.186"/>
  <testcase classname="pack1.LinksTesting1" name="linktesting1" time="1.954"/>
</testsuite> <!-- FirefoxTest -->
