<?xml version="1.0" encoding="UTF-8"?>
<!-- Generated by org.testng.reporters.JUnitXMLReporter -->
<testsuite ignored="3" hostname="DESKTOP-JCJ8HOK" failures="0" tests="1" name="Test" time="13.531" errors="0" timestamp="08 Feb 2022 02:15:26 GMT">
  <testcase classname="pack1.LinksTesting1" name="linktesting1" time="1.78"/>
  <testcase classname="pack1.CheckBox1" name="checkboxTest" time="0.0">
    <ignored/>
  </testcase> <!-- checkboxTest -->
  <testcase classname="pack1.TNG_001" name="amazon" time="0.0">
    <ignored/>
  </testcase> <!-- amazon -->
  <testcase classname="pack1.RadioButton1" name="radioButtonTest" time="0.0">
    <ignored/>
  </testcase> <!-- radioButtonTest -->
</testsuite> <!-- Test -->
