<?xml version="1.0" encoding="UTF-8"?>
<!-- Generated by org.testng.reporters.JUnitXMLReporter -->
<testsuite ignored="1" hostname="DESKTOP-JCJ8HOK" failures="0" tests="3" name="BatchTest" time="25.349" errors="0" timestamp="04 Feb 2022 02:27:31 GMT">
  <testcase classname="pack1.TNG_001" name="amazon" time="8.448"/>
  <testcase classname="pack1.TNG_002" name="f" time="0.003"/>
  <testcase classname="pack1.TNG_002" name="a" time="0.003"/>
  <testcase classname="pack1.TNG_002" name="z" time="0.0">
    <ignored/>
  </testcase> <!-- z -->
</testsuite> <!-- BatchTest -->
