<?xml version="1.0" encoding="UTF-8"?>
<!-- Generated by org.testng.reporters.JUnitXMLReporter -->
<testsuite ignored="1" hostname="DESKTOP-JCJ8HOK" failures="0" tests="7" name="Create booking Test - Apply Discount -- Pay@gpay/phone-pe/paytm" time="0.114" errors="0" timestamp="11 Feb 2022 02:32:09 GMT">
  <testcase classname="testcases.BookingSearch" name="searchHotel" time="0.005"/>
  <testcase classname="testcases.BookingSearch" name="selectHotel" time="0.003"/>
  <testcase classname="testcases.BookingSearch" name="enterGuestInfo" time="0.003"/>
  <testcase classname="testcases.PaymentManager" name="applyDiscount" time="0.003"/>
  <testcase classname="testcases.PaymentManager" name="makePayment" time="0.02"/>
  <testcase classname="testcases.CustomerCommunication" name="checkMail" time="0.003"/>
  <testcase classname="testcases.CustomerCommunication" name="checkMobile" time="0.013"/>
  <testcase classname="testcases.BookingSearch" name="modifyHotel" time="0.0">
    <ignored/>
  </testcase> <!-- modifyHotel -->
</testsuite> <!-- Create booking Test - Apply Discount - Pay@gpay/phone-pe/paytm -->
