<?xml version="1.0" encoding="UTF-8"?>
<testng-results ignored="3" total="24" passed="21" failed="0" skipped="0">
  <reporter-output>
  </reporter-output>
  <suite started-at="2022-02-11T02:32:08Z" name="Suite" finished-at="2022-02-11T02:32:09Z" duration-ms="814">
    <groups>
    </groups>
    <test started-at="2022-02-11T02:32:08Z" name="Create booking Test - Apply Discount -- Pay@Hotel" finished-at="2022-02-11T02:32:09Z" duration-ms="215">
      <class name="testcases.CustomerCommunication">
        <test-method signature="checkMail(org.testng.ITestContext)[pri:0, instance:testcases.CustomerCommunication@7530ad9c]" started-at="2022-02-11T02:32:09Z" name="checkMail" finished-at="2022-02-11T02:32:09Z" duration-ms="2" status="PASS">
          <params>
            <param index="0">
              <value>
                <![CDATA[org.testng.TestRunner@5403f35f]]>
              </value>
            </param>
          </params>
          <reporter-output>
          </reporter-output>
        </test-method> <!-- checkMail -->
        <test-method signature="checkMobile()[pri:0, instance:testcases.CustomerCommunication@7530ad9c]" started-at="2022-02-11T02:32:09Z" name="checkMobile" finished-at="2022-02-11T02:32:09Z" duration-ms="17" status="PASS">
          <reporter-output>
          </reporter-output>
        </test-method> <!-- checkMobile -->
      </class> <!-- testcases.CustomerCommunication -->
      <class name="testcases.PaymentManager">
        <test-method signature="applyDiscount()[pri:0, instance:testcases.PaymentManager@4e50c791]" started-at="2022-02-11T02:32:09Z" name="applyDiscount" finished-at="2022-02-11T02:32:09Z" duration-ms="2" status="PASS">
          <reporter-output>
          </reporter-output>
        </test-method> <!-- applyDiscount -->
        <test-method signature="makePayment(java.lang.String, org.testng.ITestContext)[pri:0, instance:testcases.PaymentManager@4e50c791]" started-at="2022-02-11T02:32:09Z" name="makePayment" finished-at="2022-02-11T02:32:09Z" duration-ms="4" status="PASS">
          <params>
            <param index="0">
              <value>
                <![CDATA[Pay@Hotel]]>
              </value>
            </param>
            <param index="1">
              <value>
                <![CDATA[org.testng.TestRunner@5403f35f]]>
              </value>
            </param>
          </params>
          <reporter-output>
          </reporter-output>
        </test-method> <!-- makePayment -->
      </class> <!-- testcases.PaymentManager -->
      <class name="testcases.BookingSearch">
        <test-method signature="searchHotel()[pri:0, instance:testcases.BookingSearch@1e66f1f5]" started-at="2022-02-11T02:32:09Z" name="searchHotel" finished-at="2022-02-11T02:32:09Z" duration-ms="22" status="PASS">
          <reporter-output>
          </reporter-output>
        </test-method> <!-- searchHotel -->
        <test-method signature="selectHotel()[pri:0, instance:testcases.BookingSearch@1e66f1f5]" started-at="2022-02-11T02:32:09Z" name="selectHotel" finished-at="2022-02-11T02:32:09Z" duration-ms="3" status="PASS">
          <reporter-output>
          </reporter-output>
        </test-method> <!-- selectHotel -->
        <test-method signature="enterGuestInfo()[pri:0, instance:testcases.BookingSearch@1e66f1f5]" started-at="2022-02-11T02:32:09Z" name="enterGuestInfo" finished-at="2022-02-11T02:32:09Z" duration-ms="4" status="PASS">
          <reporter-output>
          </reporter-output>
        </test-method> <!-- enterGuestInfo -->
      </class> <!-- testcases.BookingSearch -->
    </test> <!-- Create booking Test - Apply Discount - Pay@Hotel -->
    <test started-at="2022-02-11T02:32:09Z" name="Create booking Test - Apply Discount -- Pay@gpay/phone-pe/paytm" finished-at="2022-02-11T02:32:09Z" duration-ms="114">
      <class name="testcases.CustomerCommunication">
        <test-method signature="checkMail(org.testng.ITestContext)[pri:0, instance:testcases.CustomerCommunication@2d2ffcb7]" started-at="2022-02-11T02:32:09Z" name="checkMail" finished-at="2022-02-11T02:32:09Z" duration-ms="3" status="PASS">
          <params>
            <param index="0">
              <value>
                <![CDATA[org.testng.TestRunner@23c30a20]]>
              </value>
            </param>
          </params>
          <reporter-output>
          </reporter-output>
        </test-method> <!-- checkMail -->
        <test-method signature="checkMobile()[pri:0, instance:testcases.CustomerCommunication@2d2ffcb7]" started-at="2022-02-11T02:32:09Z" name="checkMobile" finished-at="2022-02-11T02:32:09Z" duration-ms="13" status="PASS">
          <reporter-output>
          </reporter-output>
        </test-method> <!-- checkMobile -->
      </class> <!-- testcases.CustomerCommunication -->
      <class name="testcases.PaymentManager">
        <test-method signature="applyDiscount()[pri:0, instance:testcases.PaymentManager@291b4bf5]" started-at="2022-02-11T02:32:09Z" name="applyDiscount" finished-at="2022-02-11T02:32:09Z" duration-ms="3" status="PASS">
          <reporter-output>
          </reporter-output>
        </test-method> <!-- applyDiscount -->
        <test-method signature="makePayment(java.lang.String, org.testng.ITestContext)[pri:0, instance:testcases.PaymentManager@291b4bf5]" started-at="2022-02-11T02:32:09Z" name="makePayment" finished-at="2022-02-11T02:32:09Z" duration-ms="20" status="PASS">
          <params>
            <param index="0">
              <value>
                <![CDATA[electornicpay]]>
              </value>
            </param>
            <param index="1">
              <value>
                <![CDATA[org.testng.TestRunner@23c30a20]]>
              </value>
            </param>
          </params>
          <reporter-output>
          </reporter-output>
        </test-method> <!-- makePayment -->
      </class> <!-- testcases.PaymentManager -->
      <class name="testcases.BookingSearch">
        <test-method signature="searchHotel()[pri:0, instance:testcases.BookingSearch@68e5eea7]" started-at="2022-02-11T02:32:09Z" name="searchHotel" finished-at="2022-02-11T02:32:09Z" duration-ms="5" status="PASS">
          <reporter-output>
          </reporter-output>
        </test-method> <!-- searchHotel -->
        <test-method signature="selectHotel()[pri:0, instance:testcases.BookingSearch@68e5eea7]" started-at="2022-02-11T02:32:09Z" name="selectHotel" finished-at="2022-02-11T02:32:09Z" duration-ms="3" status="PASS">
          <reporter-output>
          </reporter-output>
        </test-method> <!-- selectHotel -->
        <test-method signature="enterGuestInfo()[pri:0, instance:testcases.BookingSearch@68e5eea7]" started-at="2022-02-11T02:32:09Z" name="enterGuestInfo" finished-at="2022-02-11T02:32:09Z" duration-ms="3" status="PASS">
          <reporter-output>
          </reporter-output>
        </test-method> <!-- enterGuestInfo -->
      </class> <!-- testcases.BookingSearch -->
    </test> <!-- Create booking Test - Apply Discount - Pay@gpay/phone-pe/paytm -->
    <test started-at="2022-02-11T02:32:09Z" name="Modify booking Test - Apply Discount -- Pay@gpay/phone-pe/paytm" finished-at="2022-02-11T02:32:09Z" duration-ms="136">
      <class name="testcases.CustomerCommunication">
        <test-method signature="checkMail(org.testng.ITestContext)[pri:0, instance:testcases.CustomerCommunication@1ebd319f]" started-at="2022-02-11T02:32:09Z" name="checkMail" finished-at="2022-02-11T02:32:09Z" duration-ms="3" status="PASS">
          <params>
            <param index="0">
              <value>
                <![CDATA[org.testng.TestRunner@659499f1]]>
              </value>
            </param>
          </params>
          <reporter-output>
          </reporter-output>
        </test-method> <!-- checkMail -->
        <test-method signature="checkMobile()[pri:0, instance:testcases.CustomerCommunication@1ebd319f]" started-at="2022-02-11T02:32:09Z" name="checkMobile" finished-at="2022-02-11T02:32:09Z" duration-ms="2" status="PASS">
          <reporter-output>
          </reporter-output>
        </test-method> <!-- checkMobile -->
      </class> <!-- testcases.CustomerCommunication -->
      <class name="testcases.PaymentManager">
        <test-method signature="applyDiscount()[pri:0, instance:testcases.PaymentManager@7b02881e]" started-at="2022-02-11T02:32:09Z" name="applyDiscount" finished-at="2022-02-11T02:32:09Z" duration-ms="27" status="PASS">
          <reporter-output>
          </reporter-output>
        </test-method> <!-- applyDiscount -->
        <test-method signature="makePayment(java.lang.String, org.testng.ITestContext)[pri:0, instance:testcases.PaymentManager@7b02881e]" started-at="2022-02-11T02:32:09Z" name="makePayment" finished-at="2022-02-11T02:32:09Z" duration-ms="4" status="PASS">
          <params>
            <param index="0">
              <value>
                <![CDATA[electornicpay]]>
              </value>
            </param>
            <param index="1">
              <value>
                <![CDATA[org.testng.TestRunner@659499f1]]>
              </value>
            </param>
          </params>
          <reporter-output>
          </reporter-output>
        </test-method> <!-- makePayment -->
      </class> <!-- testcases.PaymentManager -->
      <class name="testcases.BookingSearch">
        <test-method signature="modifyHotel()[pri:0, instance:testcases.BookingSearch@5f8edcc5]" started-at="2022-02-11T02:32:09Z" name="modifyHotel" finished-at="2022-02-11T02:32:09Z" duration-ms="6" status="PASS">
          <reporter-output>
          </reporter-output>
        </test-method> <!-- modifyHotel -->
        <test-method signature="selectHotel()[pri:0, instance:testcases.BookingSearch@5f8edcc5]" started-at="2022-02-11T02:32:09Z" name="selectHotel" finished-at="2022-02-11T02:32:09Z" duration-ms="15" status="PASS">
          <reporter-output>
          </reporter-output>
        </test-method> <!-- selectHotel -->
        <test-method signature="enterGuestInfo()[pri:0, instance:testcases.BookingSearch@5f8edcc5]" started-at="2022-02-11T02:32:09Z" name="enterGuestInfo" finished-at="2022-02-11T02:32:09Z" duration-ms="6" status="PASS">
          <reporter-output>
          </reporter-output>
        </test-method> <!-- enterGuestInfo -->
      </class> <!-- testcases.BookingSearch -->
    </test> <!-- Modify booking Test - Apply Discount - Pay@gpay/phone-pe/paytm -->
  </suite> <!-- Suite -->
</testng-results>
