<?xml version="1.0" encoding="UTF-8"?>
<testng-results ignored="1" total="8" passed="7" failed="0" skipped="0">
  <reporter-output>
  </reporter-output>
  <suite started-at="2022-02-14T02:18:27Z" name="BookingSuite" finished-at="2022-02-14T02:18:27Z" duration-ms="114">
    <groups>
    </groups>
    <test started-at="2022-02-14T02:18:27Z" name="Create booking Test - Apply Discount -- Pay@Hotel" finished-at="2022-02-14T02:18:27Z" duration-ms="114">
      <class name="testcases.CustomerCommunication">
        <test-method signature="checkMail(org.testng.ITestContext)[pri:0, instance:testcases.CustomerCommunication@1b68b9a4]" started-at="2022-02-14T02:18:27Z" name="checkMail" finished-at="2022-02-14T02:18:27Z" duration-ms="0" status="PASS">
          <params>
            <param index="0">
              <value>
                <![CDATA[org.testng.TestRunner@1e802ef9]]>
              </value>
            </param>
          </params>
          <reporter-output>
          </reporter-output>
        </test-method> <!-- checkMail -->
        <test-method signature="checkMobile()[pri:0, instance:testcases.CustomerCommunication@1b68b9a4]" started-at="2022-02-14T02:18:27Z" name="checkMobile" finished-at="2022-02-14T02:18:27Z" duration-ms="0" status="PASS">
          <reporter-output>
          </reporter-output>
        </test-method> <!-- checkMobile -->
      </class> <!-- testcases.CustomerCommunication -->
      <class name="testcases.PaymentManager">
        <test-method signature="applyDiscount()[pri:0, instance:testcases.PaymentManager@64d2d351]" started-at="2022-02-14T02:18:27Z" name="applyDiscount" finished-at="2022-02-14T02:18:27Z" duration-ms="1" status="PASS">
          <reporter-output>
          </reporter-output>
        </test-method> <!-- applyDiscount -->
        <test-method signature="makePayment(java.lang.String, org.testng.ITestContext)[pri:0, instance:testcases.PaymentManager@64d2d351]" started-at="2022-02-14T02:18:27Z" name="makePayment" finished-at="2022-02-14T02:18:27Z" duration-ms="0" status="PASS">
          <params>
            <param index="0">
              <value>
                <![CDATA[Pay@Hotel]]>
              </value>
            </param>
            <param index="1">
              <value>
                <![CDATA[org.testng.TestRunner@1e802ef9]]>
              </value>
            </param>
          </params>
          <reporter-output>
          </reporter-output>
        </test-method> <!-- makePayment -->
      </class> <!-- testcases.PaymentManager -->
      <class name="testcases.BookingSearch">
        <test-method signature="searchHotel()[pri:0, instance:testcases.BookingSearch@6b53e23f]" started-at="2022-02-14T02:18:27Z" name="searchHotel" finished-at="2022-02-14T02:18:27Z" duration-ms="22" status="PASS">
          <reporter-output>
          </reporter-output>
        </test-method> <!-- searchHotel -->
        <test-method signature="selectHotel()[pri:0, instance:testcases.BookingSearch@6b53e23f]" started-at="2022-02-14T02:18:27Z" name="selectHotel" finished-at="2022-02-14T02:18:27Z" duration-ms="0" status="PASS">
          <reporter-output>
          </reporter-output>
        </test-method> <!-- selectHotel -->
        <test-method signature="enterGuestInfo()[pri:0, instance:testcases.BookingSearch@6b53e23f]" started-at="2022-02-14T02:18:27Z" name="enterGuestInfo" finished-at="2022-02-14T02:18:27Z" duration-ms="1" status="PASS">
          <reporter-output>
          </reporter-output>
        </test-method> <!-- enterGuestInfo -->
      </class> <!-- testcases.BookingSearch -->
    </test> <!-- Create booking Test - Apply Discount - Pay@Hotel -->
  </suite> <!-- BookingSuite -->
</testng-results>
